0 info it worked if it ends with ok
1 verbose cli [ '/usr/bin/node', '/usr/bin/npm', 'run', 'start:devServer' ]
2 info using npm@3.5.2
3 info using node@v8.10.0
4 verbose run-script [ 'prestart:devServer',
4 verbose run-script   'start:devServer',
4 verbose run-script   'poststart:devServer' ]
5 info lifecycle cion@1.0.0~prestart:devServer: cion@1.0.0
6 silly lifecycle cion@1.0.0~prestart:devServer: no script for prestart:devServer, continuing
7 info lifecycle cion@1.0.0~start:devServer: cion@1.0.0
8 verbose lifecycle cion@1.0.0~start:devServer: unsafe-perm in lifecycle true
9 verbose lifecycle cion@1.0.0~start:devServer: PATH: /usr/share/npm/bin/node-gyp-bin:/home/itassistors/Documents/cion-app-project/cion-node-scripts/node_modules/.bin:/usr/local/sbin:/usr/local/bin:/usr/sbin:/usr/bin:/sbin:/bin:/usr/games:/usr/local/games:/snap/bin
10 verbose lifecycle cion@1.0.0~start:devServer: CWD: /home/itassistors/Documents/cion-app-project/cion-node-scripts
11 silly lifecycle cion@1.0.0~start:devServer: Args: [ '-c', 'nodemon server.js' ]
12 silly lifecycle cion@1.0.0~start:devServer: Returned: code: 1  signal: null
13 info lifecycle cion@1.0.0~start:devServer: Failed to exec start:devServer script
14 verbose stack Error: cion@1.0.0 start:devServer: `nodemon server.js`
14 verbose stack Exit status 1
14 verbose stack     at EventEmitter.<anonymous> (/usr/share/npm/lib/utils/lifecycle.js:232:16)
14 verbose stack     at emitTwo (events.js:126:13)
14 verbose stack     at EventEmitter.emit (events.js:214:7)
14 verbose stack     at ChildProcess.<anonymous> (/usr/share/npm/lib/utils/spawn.js:24:14)
14 verbose stack     at emitTwo (events.js:126:13)
14 verbose stack     at ChildProcess.emit (events.js:214:7)
14 verbose stack     at maybeClose (internal/child_process.js:925:16)
14 verbose stack     at Process.ChildProcess._handle.onexit (internal/child_process.js:209:5)
15 verbose pkgid cion@1.0.0
16 verbose cwd /home/itassistors/Documents/cion-app-project/cion-node-scripts
17 error Linux 5.0.0-36-generic
18 error argv "/usr/bin/node" "/usr/bin/npm" "run" "start:devServer"
19 error node v8.10.0
20 error npm  v3.5.2
21 error code ELIFECYCLE
22 error cion@1.0.0 start:devServer: `nodemon server.js`
22 error Exit status 1
23 error Failed at the cion@1.0.0 start:devServer script 'nodemon server.js'.
23 error Make sure you have the latest version of node.js and npm installed.
23 error If you do, this is most likely a problem with the cion package,
23 error not with npm itself.
23 error Tell the author that this fails on your system:
23 error     nodemon server.js
23 error You can get information on how to open an issue for this project with:
23 error     npm bugs cion
23 error Or if that isn't available, you can get their info via:
23 error     npm owner ls cion
23 error There is likely additional logging output above.
24 verbose exit [ 1, true ]
